[2020-07-21 13:03:39.394] [jointLog] [info] setting maxHashResizeThreads to 4
[2020-07-21 13:03:39.394] [jointLog] [info] Fragment incompatibility prior below threshold.  Incompatible fragments will be ignored.
[2020-07-21 13:03:39.394] [jointLog] [info] Usage of --validateMappings implies use of minScoreFraction. Since not explicitly specified, it is being set to 0.65
[2020-07-21 13:03:39.394] [jointLog] [info] Usage of --validateMappings implies a default consensus slack of 0.2. Setting consensusSlack to 0.35.
[2020-07-21 13:03:39.394] [jointLog] [info] parsing read library format
[2020-07-21 13:03:39.394] [jointLog] [info] There is 1 library.
[2020-07-21 13:03:39.475] [jointLog] [info] Loading pufferfish index
[2020-07-21 13:03:39.476] [jointLog] [info] Loading dense pufferfish index.
[2020-07-21 13:03:41.491] [jointLog] [info] done
[2020-07-21 13:03:41.491] [jointLog] [info] Index contained 178,517 targets
[2020-07-21 13:03:41.538] [jointLog] [info] Number of decoys : 0
[2020-07-21 13:03:42.108] [jointLog] [info] Automatically detected most likely library type as ISR
[2020-07-21 13:19:55.640] [jointLog] [info] Thread saw mini-batch with a maximum of 1.42% zero probability fragments
[2020-07-21 13:19:55.675] [jointLog] [info] Thread saw mini-batch with a maximum of 1.48% zero probability fragments
[2020-07-21 13:19:55.729] [jointLog] [info] Thread saw mini-batch with a maximum of 1.48% zero probability fragments
[2020-07-21 13:19:55.852] [jointLog] [info] Thread saw mini-batch with a maximum of 1.42% zero probability fragments
[2020-07-21 13:19:56.212] [fileLog] [info] 
At end of round 0
==================
Observed 45059964 total fragments (45059964 in most recent round)

[2020-07-21 13:19:56.211] [jointLog] [info] Computed 422,239 rich equivalence classes for further processing
[2020-07-21 13:19:56.211] [jointLog] [info] Counted 37,602,619 total reads in the equivalence classes 
[2020-07-21 13:19:56.216] [jointLog] [info] Number of mappings discarded because of alignment score : 42,920,499
[2020-07-21 13:19:56.216] [jointLog] [info] Number of fragments entirely discarded because of alignment score : 1,721,105
[2020-07-21 13:19:56.216] [jointLog] [info] Number of fragments discarded because they are best-mapped to decoys : 0
[2020-07-21 13:19:56.216] [jointLog] [info] Number of fragments discarded because they have only dovetail (discordant) mappings to valid targets : 2,491,392
[2020-07-21 13:19:56.216] [jointLog] [info] Mapping rate = 83.4502%

[2020-07-21 13:19:56.216] [jointLog] [info] finished quantifyLibrary()
[2020-07-21 13:19:56.218] [jointLog] [info] Starting optimizer
[2020-07-21 13:19:56.348] [jointLog] [info] Marked 0 weighted equivalence classes as degenerate
[2020-07-21 13:19:56.379] [jointLog] [info] iteration = 0 | max rel diff. = 5212.69
[2020-07-21 13:19:59.462] [jointLog] [info] iteration = 100 | max rel diff. = 17.2266
[2020-07-21 13:20:02.520] [jointLog] [info] iteration = 200 | max rel diff. = 2.86341
[2020-07-21 13:20:05.801] [jointLog] [info] iteration = 300 | max rel diff. = 6.87556
[2020-07-21 13:20:08.849] [jointLog] [info] iteration = 400 | max rel diff. = 0.753771
[2020-07-21 13:20:11.895] [jointLog] [info] iteration = 500 | max rel diff. = 2.08772
[2020-07-21 13:20:15.099] [jointLog] [info] iteration = 600 | max rel diff. = 0.494314
[2020-07-21 13:20:18.192] [jointLog] [info] iteration = 700 | max rel diff. = 0.476954
[2020-07-21 13:20:21.239] [jointLog] [info] iteration = 800 | max rel diff. = 0.114921
[2020-07-21 13:20:24.324] [jointLog] [info] iteration = 900 | max rel diff. = 1.30044
[2020-07-21 13:20:27.370] [jointLog] [info] iteration = 1,000 | max rel diff. = 4.09312
[2020-07-21 13:20:30.399] [jointLog] [info] iteration = 1,100 | max rel diff. = 0.0937064
[2020-07-21 13:20:33.459] [jointLog] [info] iteration = 1,200 | max rel diff. = 20.9626
[2020-07-21 13:20:36.608] [jointLog] [info] iteration = 1,300 | max rel diff. = 0.210299
[2020-07-21 13:20:39.665] [jointLog] [info] iteration = 1,400 | max rel diff. = 0.0323238
[2020-07-21 13:20:42.773] [jointLog] [info] iteration = 1,500 | max rel diff. = 0.0348966
[2020-07-21 13:20:45.830] [jointLog] [info] iteration = 1,600 | max rel diff. = 0.969873
[2020-07-21 13:20:48.897] [jointLog] [info] iteration = 1,700 | max rel diff. = 0.0414055
[2020-07-21 13:20:51.950] [jointLog] [info] iteration = 1,800 | max rel diff. = 0.0490237
[2020-07-21 13:20:54.977] [jointLog] [info] iteration = 1,900 | max rel diff. = 0.0354758
[2020-07-21 13:20:56.838] [jointLog] [info] iteration = 1,962 | max rel diff. = 0.00798464
[2020-07-21 13:20:56.844] [jointLog] [info] Finished optimizer
[2020-07-21 13:20:56.844] [jointLog] [info] writing output 

