[2020-07-28 16:22:24.227] [jointLog] [info] setting maxHashResizeThreads to 4
[2020-07-28 16:22:24.227] [jointLog] [info] Fragment incompatibility prior below threshold.  Incompatible fragments will be ignored.
[2020-07-28 16:22:24.227] [jointLog] [info] Usage of --validateMappings implies use of minScoreFraction. Since not explicitly specified, it is being set to 0.65
[2020-07-28 16:22:24.227] [jointLog] [info] Usage of --validateMappings implies a default consensus slack of 0.2. Setting consensusSlack to 0.35.
[2020-07-28 16:22:24.227] [jointLog] [info] parsing read library format
[2020-07-28 16:22:24.227] [jointLog] [info] There is 1 library.
[2020-07-28 16:22:24.310] [jointLog] [info] Loading pufferfish index
[2020-07-28 16:22:24.312] [jointLog] [info] Loading dense pufferfish index.
[2020-07-28 16:22:26.365] [jointLog] [info] done
[2020-07-28 16:22:26.365] [jointLog] [info] Index contained 178,517 targets
[2020-07-28 16:22:26.413] [jointLog] [info] Number of decoys : 0
[2020-07-28 16:22:26.940] [jointLog] [info] Automatically detected most likely library type as ISR
[2020-07-28 16:38:37.156] [jointLog] [info] Thread saw mini-batch with a maximum of 1.04% zero probability fragments
[2020-07-28 16:38:37.207] [jointLog] [info] Thread saw mini-batch with a maximum of 1.02% zero probability fragments
[2020-07-28 16:38:37.218] [jointLog] [info] Thread saw mini-batch with a maximum of 1.06% zero probability fragments
[2020-07-28 16:38:37.337] [jointLog] [info] Thread saw mini-batch with a maximum of 1.04% zero probability fragments
[2020-07-28 16:38:37.751] [jointLog] [info] Computed 456,561 rich equivalence classes for further processing
[2020-07-28 16:38:37.751] [jointLog] [info] Counted 45,881,869 total reads in the equivalence classes 
[2020-07-28 16:38:37.758] [jointLog] [info] Number of mappings discarded because of alignment score : 38,173,445
[2020-07-28 16:38:37.758] [jointLog] [info] Number of fragments entirely discarded because of alignment score : 1,510,826
[2020-07-28 16:38:37.758] [jointLog] [info] Number of fragments discarded because they are best-mapped to decoys : 0
[2020-07-28 16:38:37.758] [jointLog] [info] Number of fragments discarded because they have only dovetail (discordant) mappings to valid targets : 4,086,671
[2020-07-28 16:38:37.758] [jointLog] [info] Mapping rate = 89.6223%

[2020-07-28 16:38:37.758] [jointLog] [info] finished quantifyLibrary()
[2020-07-28 16:38:37.760] [jointLog] [info] Starting optimizer
[2020-07-28 16:38:37.921] [jointLog] [info] Marked 0 weighted equivalence classes as degenerate
[2020-07-28 16:38:37.956] [jointLog] [info] iteration = 0 | max rel diff. = 2112.77
[2020-07-28 16:38:37.751] [fileLog] [info] 
At end of round 0
==================
Observed 51194673 total fragments (51194673 in most recent round)

[2020-07-28 16:38:42.418] [jointLog] [info] iteration = 100 | max rel diff. = 20.7361
[2020-07-28 16:38:45.923] [jointLog] [info] iteration = 200 | max rel diff. = 18.4698
[2020-07-28 16:38:49.401] [jointLog] [info] iteration = 300 | max rel diff. = 10.9524
[2020-07-28 16:38:52.901] [jointLog] [info] iteration = 400 | max rel diff. = 5.98475
[2020-07-28 16:38:56.402] [jointLog] [info] iteration = 500 | max rel diff. = 2.64775
[2020-07-28 16:38:59.894] [jointLog] [info] iteration = 600 | max rel diff. = 8.24504
[2020-07-28 16:39:03.326] [jointLog] [info] iteration = 700 | max rel diff. = 0.281517
[2020-07-28 16:39:06.827] [jointLog] [info] iteration = 800 | max rel diff. = 0.678181
[2020-07-28 16:39:10.445] [jointLog] [info] iteration = 900 | max rel diff. = 0.39152
[2020-07-28 16:39:15.320] [jointLog] [info] iteration = 1,000 | max rel diff. = 0.426024
[2020-07-28 16:39:19.115] [jointLog] [info] iteration = 1,100 | max rel diff. = 16.9727
[2020-07-28 16:39:22.819] [jointLog] [info] iteration = 1,200 | max rel diff. = 0.0302886
[2020-07-28 16:39:26.661] [jointLog] [info] iteration = 1,300 | max rel diff. = 5.18898
[2020-07-28 16:39:30.088] [jointLog] [info] iteration = 1,400 | max rel diff. = 0.0618549
[2020-07-28 16:39:33.636] [jointLog] [info] iteration = 1,500 | max rel diff. = 0.0561
[2020-07-28 16:39:37.130] [jointLog] [info] iteration = 1,600 | max rel diff. = 0.121659
[2020-07-28 16:39:40.621] [jointLog] [info] iteration = 1,700 | max rel diff. = 0.098455
[2020-07-28 16:39:45.348] [jointLog] [info] iteration = 1,800 | max rel diff. = 0.0253747
[2020-07-28 16:39:48.793] [jointLog] [info] iteration = 1,900 | max rel diff. = 0.218957
[2020-07-28 16:39:52.257] [jointLog] [info] iteration = 2,000 | max rel diff. = 0.099091
[2020-07-28 16:39:52.664] [jointLog] [info] iteration = 2,013 | max rel diff. = 0.00519357
[2020-07-28 16:39:52.670] [jointLog] [info] Finished optimizer
[2020-07-28 16:39:52.670] [jointLog] [info] writing output 

