[2020-07-21 12:27:50.804] [jointLog] [info] setting maxHashResizeThreads to 4
[2020-07-21 12:27:50.804] [jointLog] [info] Fragment incompatibility prior below threshold.  Incompatible fragments will be ignored.
[2020-07-21 12:27:50.804] [jointLog] [info] Usage of --validateMappings implies use of minScoreFraction. Since not explicitly specified, it is being set to 0.65
[2020-07-21 12:27:50.804] [jointLog] [info] Usage of --validateMappings implies a default consensus slack of 0.2. Setting consensusSlack to 0.35.
[2020-07-21 12:27:50.804] [jointLog] [info] parsing read library format
[2020-07-21 12:27:50.804] [jointLog] [info] There is 1 library.
[2020-07-21 12:27:50.889] [jointLog] [info] Loading pufferfish index
[2020-07-21 12:27:50.889] [jointLog] [info] Loading dense pufferfish index.
[2020-07-21 12:27:52.890] [jointLog] [info] done
[2020-07-21 12:27:52.890] [jointLog] [info] Index contained 178,517 targets
[2020-07-21 12:27:52.938] [jointLog] [info] Number of decoys : 0
[2020-07-21 12:27:53.437] [jointLog] [info] Automatically detected most likely library type as ISR
[2020-07-21 12:42:23.290] [jointLog] [info] Thread saw mini-batch with a maximum of 1.10% zero probability fragments
[2020-07-21 12:42:23.363] [jointLog] [info] Thread saw mini-batch with a maximum of 1.00% zero probability fragments
[2020-07-21 12:42:23.438] [jointLog] [info] Thread saw mini-batch with a maximum of 1.00% zero probability fragments
[2020-07-21 12:42:23.503] [jointLog] [info] Thread saw mini-batch with a maximum of 1.14% zero probability fragments
[2020-07-21 12:42:23.883] [jointLog] [info] Computed 514,379 rich equivalence classes for further processing
[2020-07-21 12:42:23.883] [jointLog] [info] Counted 45,438,774 total reads in the equivalence classes 
[2020-07-21 12:42:23.889] [jointLog] [info] Number of mappings discarded because of alignment score : 32,699,202
[2020-07-21 12:42:23.889] [jointLog] [info] Number of fragments entirely discarded because of alignment score : 1,369,934
[2020-07-21 12:42:23.889] [jointLog] [info] Number of fragments discarded because they are best-mapped to decoys : 0
[2020-07-21 12:42:23.889] [jointLog] [info] Number of fragments discarded because they have only dovetail (discordant) mappings to valid targets : 3,157,396
[2020-07-21 12:42:23.889] [jointLog] [info] Mapping rate = 88.9066%

[2020-07-21 12:42:23.889] [jointLog] [info] finished quantifyLibrary()
[2020-07-21 12:42:23.891] [jointLog] [info] Starting optimizer
[2020-07-21 12:42:24.049] [jointLog] [info] Marked 0 weighted equivalence classes as degenerate
[2020-07-21 12:42:24.084] [jointLog] [info] iteration = 0 | max rel diff. = 2313
[2020-07-21 12:42:23.884] [fileLog] [info] 
At end of round 0
==================
Observed 51108409 total fragments (51108409 in most recent round)

[2020-07-21 12:42:27.646] [jointLog] [info] iteration = 100 | max rel diff. = 14.1402
[2020-07-21 12:42:31.152] [jointLog] [info] iteration = 200 | max rel diff. = 9.03983
[2020-07-21 12:42:34.679] [jointLog] [info] iteration = 300 | max rel diff. = 14.9776
[2020-07-21 12:42:39.035] [jointLog] [info] iteration = 400 | max rel diff. = 3.61638
[2020-07-21 12:42:42.625] [jointLog] [info] iteration = 500 | max rel diff. = 1.21676
[2020-07-21 12:42:46.163] [jointLog] [info] iteration = 600 | max rel diff. = 1.89129
[2020-07-21 12:42:49.711] [jointLog] [info] iteration = 700 | max rel diff. = 0.259549
[2020-07-21 12:42:53.251] [jointLog] [info] iteration = 800 | max rel diff. = 0.249737
[2020-07-21 12:42:56.765] [jointLog] [info] iteration = 900 | max rel diff. = 0.123247
[2020-07-21 12:43:00.339] [jointLog] [info] iteration = 1,000 | max rel diff. = 1.36236
[2020-07-21 12:43:03.886] [jointLog] [info] iteration = 1,100 | max rel diff. = 0.260926
[2020-07-21 12:43:07.622] [jointLog] [info] iteration = 1,200 | max rel diff. = 0.25163
[2020-07-21 12:43:10.545] [jointLog] [info] iteration = 1,284 | max rel diff. = 0.00942483
[2020-07-21 12:43:10.551] [jointLog] [info] Finished optimizer
[2020-07-21 12:43:10.551] [jointLog] [info] writing output 

