[2020-07-21 12:10:23.381] [jointLog] [info] setting maxHashResizeThreads to 4
[2020-07-21 12:10:23.381] [jointLog] [info] Fragment incompatibility prior below threshold.  Incompatible fragments will be ignored.
[2020-07-21 12:10:23.381] [jointLog] [info] Usage of --validateMappings implies use of minScoreFraction. Since not explicitly specified, it is being set to 0.65
[2020-07-21 12:10:23.381] [jointLog] [info] Usage of --validateMappings implies a default consensus slack of 0.2. Setting consensusSlack to 0.35.
[2020-07-21 12:10:23.381] [jointLog] [info] parsing read library format
[2020-07-21 12:10:23.381] [jointLog] [info] There is 1 library.
[2020-07-21 12:10:23.468] [jointLog] [info] Loading pufferfish index
[2020-07-21 12:10:23.468] [jointLog] [info] Loading dense pufferfish index.
[2020-07-21 12:10:25.493] [jointLog] [info] done
[2020-07-21 12:10:25.493] [jointLog] [info] Index contained 178,517 targets
[2020-07-21 12:10:25.542] [jointLog] [info] Number of decoys : 0
[2020-07-21 12:10:26.070] [jointLog] [info] Automatically detected most likely library type as ISR
[2020-07-21 12:26:16.171] [jointLog] [info] Thread saw mini-batch with a maximum of 1.10% zero probability fragments
[2020-07-21 12:26:16.208] [jointLog] [info] Thread saw mini-batch with a maximum of 1.16% zero probability fragments
[2020-07-21 12:26:16.247] [jointLog] [info] Thread saw mini-batch with a maximum of 1.06% zero probability fragments
[2020-07-21 12:26:16.356] [jointLog] [info] Thread saw mini-batch with a maximum of 1.18% zero probability fragments
[2020-07-21 12:26:16.743] [jointLog] [info] Computed 514,033 rich equivalence classes for further processing
[2020-07-21 12:26:16.744] [jointLog] [info] Counted 45,841,729 total reads in the equivalence classes 
[2020-07-21 12:26:16.750] [jointLog] [info] Number of mappings discarded because of alignment score : 35,317,138
[2020-07-21 12:26:16.750] [jointLog] [info] Number of fragments entirely discarded because of alignment score : 1,458,753
[2020-07-21 12:26:16.750] [jointLog] [info] Number of fragments discarded because they are best-mapped to decoys : 0
[2020-07-21 12:26:16.750] [jointLog] [info] Number of fragments discarded because they have only dovetail (discordant) mappings to valid targets : 3,428,592
[2020-07-21 12:26:16.750] [jointLog] [info] Mapping rate = 89.136%

[2020-07-21 12:26:16.750] [jointLog] [info] finished quantifyLibrary()
[2020-07-21 12:26:16.753] [jointLog] [info] Starting optimizer
[2020-07-21 12:26:16.913] [jointLog] [info] Marked 0 weighted equivalence classes as degenerate
[2020-07-21 12:26:16.950] [jointLog] [info] iteration = 0 | max rel diff. = 2130.79
[2020-07-21 12:26:16.744] [fileLog] [info] 
At end of round 0
==================
Observed 51428948 total fragments (51428948 in most recent round)

[2020-07-21 12:26:20.620] [jointLog] [info] iteration = 100 | max rel diff. = 19.5699
[2020-07-21 12:26:24.128] [jointLog] [info] iteration = 200 | max rel diff. = 9.74643
[2020-07-21 12:26:27.619] [jointLog] [info] iteration = 300 | max rel diff. = 10.8393
[2020-07-21 12:26:31.109] [jointLog] [info] iteration = 400 | max rel diff. = 2.12076
[2020-07-21 12:26:34.673] [jointLog] [info] iteration = 500 | max rel diff. = 6.75774
[2020-07-21 12:26:39.309] [jointLog] [info] iteration = 600 | max rel diff. = 5.98382
[2020-07-21 12:26:42.817] [jointLog] [info] iteration = 700 | max rel diff. = 0.514486
[2020-07-21 12:26:46.324] [jointLog] [info] iteration = 800 | max rel diff. = 14.989
[2020-07-21 12:26:49.873] [jointLog] [info] iteration = 900 | max rel diff. = 0.362534
[2020-07-21 12:26:53.382] [jointLog] [info] iteration = 1,000 | max rel diff. = 1.64261
[2020-07-21 12:26:56.905] [jointLog] [info] iteration = 1,100 | max rel diff. = 0.852368
[2020-07-21 12:27:00.416] [jointLog] [info] iteration = 1,200 | max rel diff. = 0.315804
[2020-07-21 12:27:03.899] [jointLog] [info] iteration = 1,300 | max rel diff. = 1.11875
[2020-07-21 12:27:08.518] [jointLog] [info] iteration = 1,400 | max rel diff. = 0.24279
[2020-07-21 12:27:12.054] [jointLog] [info] iteration = 1,500 | max rel diff. = 0.0761348
[2020-07-21 12:27:15.591] [jointLog] [info] iteration = 1,600 | max rel diff. = 1.16791
[2020-07-21 12:27:19.115] [jointLog] [info] iteration = 1,700 | max rel diff. = 0.12713
[2020-07-21 12:27:22.769] [jointLog] [info] iteration = 1,800 | max rel diff. = 0.0881437
[2020-07-21 12:27:26.258] [jointLog] [info] iteration = 1,900 | max rel diff. = 0.0256229
[2020-07-21 12:27:29.764] [jointLog] [info] iteration = 2,000 | max rel diff. = 0.0158176
[2020-07-21 12:27:33.275] [jointLog] [info] iteration = 2,100 | max rel diff. = 0.0954053
[2020-07-21 12:27:37.866] [jointLog] [info] iteration = 2,200 | max rel diff. = 0.0247365
[2020-07-21 12:27:41.422] [jointLog] [info] iteration = 2,300 | max rel diff. = 0.0227091
[2020-07-21 12:27:44.955] [jointLog] [info] iteration = 2,400 | max rel diff. = 0.221411
[2020-07-21 12:27:48.485] [jointLog] [info] iteration = 2,500 | max rel diff. = 0.117581
[2020-07-21 12:27:49.409] [jointLog] [info] iteration = 2,527 | max rel diff. = 0.00655668
[2020-07-21 12:27:49.415] [jointLog] [info] Finished optimizer
[2020-07-21 12:27:49.415] [jointLog] [info] writing output 

