[2020-07-28 16:39:54.155] [jointLog] [info] setting maxHashResizeThreads to 4
[2020-07-28 16:39:54.155] [jointLog] [info] Fragment incompatibility prior below threshold.  Incompatible fragments will be ignored.
[2020-07-28 16:39:54.155] [jointLog] [info] Usage of --validateMappings implies use of minScoreFraction. Since not explicitly specified, it is being set to 0.65
[2020-07-28 16:39:54.155] [jointLog] [info] Usage of --validateMappings implies a default consensus slack of 0.2. Setting consensusSlack to 0.35.
[2020-07-28 16:39:54.155] [jointLog] [info] parsing read library format
[2020-07-28 16:39:54.155] [jointLog] [info] There is 1 library.
[2020-07-28 16:39:54.239] [jointLog] [info] Loading pufferfish index
[2020-07-28 16:39:54.239] [jointLog] [info] Loading dense pufferfish index.
[2020-07-28 16:39:56.389] [jointLog] [info] done
[2020-07-28 16:39:56.389] [jointLog] [info] Index contained 178,517 targets
[2020-07-28 16:39:56.444] [jointLog] [info] Number of decoys : 0
[2020-07-28 16:39:56.988] [jointLog] [info] Automatically detected most likely library type as ISR
[2020-07-28 16:53:42.745] [jointLog] [info] Thread saw mini-batch with a maximum of 1.14% zero probability fragments
[2020-07-28 16:53:42.931] [jointLog] [info] Thread saw mini-batch with a maximum of 1.20% zero probability fragments
[2020-07-28 16:53:42.939] [jointLog] [info] Thread saw mini-batch with a maximum of 1.18% zero probability fragments
[2020-07-28 16:53:42.963] [jointLog] [info] Thread saw mini-batch with a maximum of 1.10% zero probability fragments
[2020-07-28 16:53:43.330] [fileLog] [info] 
At end of round 0
==================
Observed 44402607 total fragments (44402607 in most recent round)

[2020-07-28 16:53:43.330] [jointLog] [info] Computed 501,699 rich equivalence classes for further processing
[2020-07-28 16:53:43.330] [jointLog] [info] Counted 39,951,441 total reads in the equivalence classes 
[2020-07-28 16:53:43.336] [jointLog] [info] Number of mappings discarded because of alignment score : 28,978,466
[2020-07-28 16:53:43.336] [jointLog] [info] Number of fragments entirely discarded because of alignment score : 1,149,407
[2020-07-28 16:53:43.336] [jointLog] [info] Number of fragments discarded because they are best-mapped to decoys : 0
[2020-07-28 16:53:43.336] [jointLog] [info] Number of fragments discarded because they have only dovetail (discordant) mappings to valid targets : 2,762,979
[2020-07-28 16:53:43.336] [jointLog] [info] Mapping rate = 89.9754%

[2020-07-28 16:53:43.336] [jointLog] [info] finished quantifyLibrary()
[2020-07-28 16:53:43.338] [jointLog] [info] Starting optimizer
[2020-07-28 16:53:43.500] [jointLog] [info] Marked 0 weighted equivalence classes as degenerate
[2020-07-28 16:53:43.546] [jointLog] [info] iteration = 0 | max rel diff. = 4484.86
[2020-07-28 16:53:47.144] [jointLog] [info] iteration = 100 | max rel diff. = 16.7603
[2020-07-28 16:53:50.751] [jointLog] [info] iteration = 200 | max rel diff. = 8.9883
[2020-07-28 16:53:54.374] [jointLog] [info] iteration = 300 | max rel diff. = 0.997998
[2020-07-28 16:53:58.010] [jointLog] [info] iteration = 400 | max rel diff. = 3.49449
[2020-07-28 16:54:01.625] [jointLog] [info] iteration = 500 | max rel diff. = 5.26137
[2020-07-28 16:54:05.227] [jointLog] [info] iteration = 600 | max rel diff. = 2.75305
[2020-07-28 16:54:08.852] [jointLog] [info] iteration = 700 | max rel diff. = 1.02132
[2020-07-28 16:54:12.576] [jointLog] [info] iteration = 800 | max rel diff. = 0.586193
[2020-07-28 16:54:16.275] [jointLog] [info] iteration = 900 | max rel diff. = 16.0075
[2020-07-28 16:54:19.887] [jointLog] [info] iteration = 1,000 | max rel diff. = 0.149999
[2020-07-28 16:54:23.521] [jointLog] [info] iteration = 1,100 | max rel diff. = 4.18973
[2020-07-28 16:54:27.122] [jointLog] [info] iteration = 1,200 | max rel diff. = 0.24577
[2020-07-28 16:54:30.704] [jointLog] [info] iteration = 1,300 | max rel diff. = 0.0414545
[2020-07-28 16:54:34.295] [jointLog] [info] iteration = 1,400 | max rel diff. = 0.0438096
[2020-07-28 16:54:37.865] [jointLog] [info] iteration = 1,500 | max rel diff. = 0.0298414
[2020-07-28 16:54:41.954] [jointLog] [info] iteration = 1,600 | max rel diff. = 0.0394189
[2020-07-28 16:54:46.141] [jointLog] [info] iteration = 1,700 | max rel diff. = 0.0379251
[2020-07-28 16:54:49.839] [jointLog] [info] iteration = 1,800 | max rel diff. = 0.0298456
[2020-07-28 16:54:53.471] [jointLog] [info] iteration = 1,900 | max rel diff. = 0.340953
[2020-07-28 16:54:57.062] [jointLog] [info] iteration = 2,000 | max rel diff. = 0.0168247
[2020-07-28 16:55:00.778] [jointLog] [info] iteration = 2,100 | max rel diff. = 0.0455485
[2020-07-28 16:55:04.393] [jointLog] [info] iteration = 2,200 | max rel diff. = 0.0335961
[2020-07-28 16:55:07.149] [jointLog] [info] iteration = 2,278 | max rel diff. = 0.00540012
[2020-07-28 16:55:07.154] [jointLog] [info] Finished optimizer
[2020-07-28 16:55:07.154] [jointLog] [info] writing output 

